{"/Users/ameraho/Documents/Multiverse/Week5/Project/cheese-boards/db/db.js": {"path":"/Users/ameraho/Documents/Multiverse/Week5/Project/cheese-boards/db/db.js","statementMap":{"0":{"start":{"line":1,"column":22},"end":{"line":1,"column":42}},"1":{"start":{"line":2,"column":13},"end":{"line":2,"column":28}},"2":{"start":{"line":4,"column":11},"end":{"line":8,"column":2}},"3":{"start":{"line":9,"column":0},"end":{"line":9,"column":19}}},"fnMap":{},"branchMap":{},"s":{"0":1,"1":1,"2":1,"3":1},"f":{},"b":{},"_coverageSchema":"1a1c01bbd47fc00a2c39e90264f33305004495a9","hash":"60fe7830944dbb1419aefa44ce40519396dc66dd"}
,"/Users/ameraho/Documents/Multiverse/Week5/Project/cheese-boards/db/seed.js": {"path":"/Users/ameraho/Documents/Multiverse/Week5/Project/cheese-boards/db/seed.js","statementMap":{"0":{"start":{"line":1,"column":31},"end":{"line":1,"column":51}},"1":{"start":{"line":2,"column":11},"end":{"line":2,"column":26}},"2":{"start":{"line":5,"column":4},"end":{"line":7,"column":6}},"3":{"start":{"line":9,"column":4},"end":{"line":40,"column":6}},"4":{"start":{"line":42,"column":4},"end":{"line":130,"column":6}},"5":{"start":{"line":131,"column":4},"end":{"line":141,"column":6}},"6":{"start":{"line":143,"column":15},"end":{"line":143,"column":37}},"7":{"start":{"line":144,"column":14},"end":{"line":144,"column":37}},"8":{"start":{"line":145,"column":14},"end":{"line":145,"column":37}},"9":{"start":{"line":147,"column":4},"end":{"line":147,"column":28}},"10":{"start":{"line":148,"column":4},"end":{"line":148,"column":33}},"11":{"start":{"line":149,"column":4},"end":{"line":149,"column":33}},"12":{"start":{"line":151,"column":14},"end":{"line":151,"column":37}},"13":{"start":{"line":152,"column":14},"end":{"line":152,"column":37}},"14":{"start":{"line":154,"column":15},"end":{"line":154,"column":39}},"15":{"start":{"line":155,"column":15},"end":{"line":155,"column":39}},"16":{"start":{"line":156,"column":15},"end":{"line":156,"column":39}},"17":{"start":{"line":157,"column":15},"end":{"line":157,"column":39}},"18":{"start":{"line":158,"column":4},"end":{"line":158,"column":28}},"19":{"start":{"line":159,"column":4},"end":{"line":159,"column":32}},"20":{"start":{"line":160,"column":4},"end":{"line":160,"column":33}},"21":{"start":{"line":161,"column":4},"end":{"line":161,"column":33}},"22":{"start":{"line":167,"column":0},"end":{"line":167,"column":21}}},"fnMap":{"0":{"name":"seed","decl":{"start":{"line":4,"column":15},"end":{"line":4,"column":19}},"loc":{"start":{"line":4,"column":22},"end":{"line":162,"column":1}},"line":4}},"branchMap":{},"s":{"0":1,"1":1,"2":5,"3":5,"4":5,"5":5,"6":5,"7":5,"8":5,"9":5,"10":5,"11":5,"12":5,"13":5,"14":5,"15":5,"16":5,"17":5,"18":5,"19":5,"20":5,"21":5,"22":1},"f":{"0":5},"b":{},"_coverageSchema":"1a1c01bbd47fc00a2c39e90264f33305004495a9","hash":"943a3445d1866bd8adc863a6cd4b982c8ff5434f"}
,"/Users/ameraho/Documents/Multiverse/Week5/Project/cheese-boards/models/board.model.js": {"path":"/Users/ameraho/Documents/Multiverse/Week5/Project/cheese-boards/models/board.model.js","statementMap":{"0":{"start":{"line":1,"column":29},"end":{"line":1,"column":49}},"1":{"start":{"line":2,"column":11},"end":{"line":2,"column":30}},"2":{"start":{"line":6,"column":0},"end":{"line":12,"column":2}},"3":{"start":{"line":14,"column":0},"end":{"line":14,"column":22}}},"fnMap":{},"branchMap":{},"s":{"0":1,"1":1,"2":1,"3":1},"f":{},"b":{},"_coverageSchema":"1a1c01bbd47fc00a2c39e90264f33305004495a9","hash":"e8de496b40ad8ee1c0887508b5b1bb9fbd1c64c0"}
,"/Users/ameraho/Documents/Multiverse/Week5/Project/cheese-boards/models/cheese.model.js": {"path":"/Users/ameraho/Documents/Multiverse/Week5/Project/cheese-boards/models/cheese.model.js","statementMap":{"0":{"start":{"line":1,"column":29},"end":{"line":1,"column":49}},"1":{"start":{"line":2,"column":11},"end":{"line":2,"column":30}},"2":{"start":{"line":6,"column":0},"end":{"line":17,"column":2}},"3":{"start":{"line":19,"column":0},"end":{"line":19,"column":23}}},"fnMap":{},"branchMap":{},"s":{"0":1,"1":1,"2":1,"3":1},"f":{},"b":{},"_coverageSchema":"1a1c01bbd47fc00a2c39e90264f33305004495a9","hash":"7a1c1b51c1b77598b5c02c29fddab1071b1b6a23"}
,"/Users/ameraho/Documents/Multiverse/Week5/Project/cheese-boards/models/index.js": {"path":"/Users/ameraho/Documents/Multiverse/Week5/Project/cheese-boards/models/index.js","statementMap":{"0":{"start":{"line":1,"column":14},"end":{"line":1,"column":38}},"1":{"start":{"line":2,"column":13},"end":{"line":2,"column":36}},"2":{"start":{"line":3,"column":15},"end":{"line":3,"column":40}},"3":{"start":{"line":6,"column":0},"end":{"line":6,"column":19}},"4":{"start":{"line":7,"column":0},"end":{"line":7,"column":21}},"5":{"start":{"line":9,"column":0},"end":{"line":9,"column":54}},"6":{"start":{"line":10,"column":0},"end":{"line":10,"column":54}},"7":{"start":{"line":12,"column":0},"end":{"line":12,"column":39}}},"fnMap":{},"branchMap":{},"s":{"0":1,"1":1,"2":1,"3":1,"4":1,"5":1,"6":1,"7":1},"f":{},"b":{},"_coverageSchema":"1a1c01bbd47fc00a2c39e90264f33305004495a9","hash":"5d918a7b8d4e88c1a739a6ea412183d2298b662a"}
,"/Users/ameraho/Documents/Multiverse/Week5/Project/cheese-boards/models/user.model.js": {"path":"/Users/ameraho/Documents/Multiverse/Week5/Project/cheese-boards/models/user.model.js","statementMap":{"0":{"start":{"line":1,"column":29},"end":{"line":1,"column":49}},"1":{"start":{"line":2,"column":11},"end":{"line":2,"column":30}},"2":{"start":{"line":6,"column":0},"end":{"line":11,"column":2}},"3":{"start":{"line":13,"column":0},"end":{"line":13,"column":21}}},"fnMap":{},"branchMap":{},"s":{"0":1,"1":1,"2":1,"3":1},"f":{},"b":{},"_coverageSchema":"1a1c01bbd47fc00a2c39e90264f33305004495a9","hash":"82fca94bc8573f2160be7ef36f01e52dff02586b"}
}
