TN:
SF:db/db.js
FNF:0
FNH:0
DA:1,1
DA:2,1
DA:4,1
DA:9,1
LF:4
LH:4
BRF:0
BRH:0
end_of_record
TN:
SF:db/seed.js
FN:4,seed
FNF:1
FNH:1
FNDA:7,seed
DA:1,1
DA:2,1
DA:5,7
DA:9,7
DA:42,7
DA:131,7
DA:143,7
DA:144,7
DA:145,7
DA:147,7
DA:148,7
DA:149,7
DA:151,7
DA:152,7
DA:154,7
DA:155,7
DA:156,7
DA:157,7
DA:158,7
DA:159,7
DA:160,7
DA:161,7
DA:167,1
LF:23
LH:23
BRF:0
BRH:0
end_of_record
TN:
SF:models/board.model.js
FNF:0
FNH:0
DA:1,1
DA:2,1
DA:6,1
DA:14,1
LF:4
LH:4
BRF:0
BRH:0
end_of_record
TN:
SF:models/cheese.model.js
FNF:0
FNH:0
DA:1,1
DA:2,1
DA:6,1
DA:19,1
LF:4
LH:4
BRF:0
BRH:0
end_of_record
TN:
SF:models/index.js
FNF:0
FNH:0
DA:1,1
DA:2,1
DA:3,1
DA:6,1
DA:7,1
DA:9,1
DA:10,1
DA:12,1
LF:8
LH:8
BRF:0
BRH:0
end_of_record
TN:
SF:models/user.model.js
FNF:0
FNH:0
DA:1,1
DA:2,1
DA:6,1
DA:13,1
LF:4
LH:4
BRF:0
BRH:0
end_of_record
