TN:
SF:db/db.js
FNF:0
FNH:0
DA:1,1
DA:2,1
DA:4,1
DA:9,1
LF:4
LH:4
BRF:0
BRH:0
end_of_record
TN:
SF:db/seed.js
FN:4,seed
FNF:1
FNH:1
FNDA:5,seed
DA:1,1
DA:2,1
DA:5,5
DA:9,5
DA:42,5
DA:131,5
DA:143,5
DA:144,5
DA:145,5
DA:147,5
DA:148,5
DA:149,5
DA:151,5
DA:152,5
DA:154,5
DA:155,5
DA:156,5
DA:157,5
DA:158,5
DA:159,5
DA:160,5
DA:161,5
DA:167,1
LF:23
LH:23
BRF:0
BRH:0
end_of_record
TN:
SF:models/board.model.js
FNF:0
FNH:0
DA:1,1
DA:2,1
DA:6,1
DA:14,1
LF:4
LH:4
BRF:0
BRH:0
end_of_record
TN:
SF:models/cheese.model.js
FNF:0
FNH:0
DA:1,1
DA:2,1
DA:6,1
DA:19,1
LF:4
LH:4
BRF:0
BRH:0
end_of_record
TN:
SF:models/index.js
FNF:0
FNH:0
DA:1,1
DA:2,1
DA:3,1
DA:6,1
DA:7,1
DA:9,1
DA:10,1
DA:12,1
LF:8
LH:8
BRF:0
BRH:0
end_of_record
TN:
SF:models/user.model.js
FNF:0
FNH:0
DA:1,1
DA:2,1
DA:6,1
DA:13,1
LF:4
LH:4
BRF:0
BRH:0
end_of_record
